# JRE version: Java(TM) SE Runtime Environment (17.0.4+11) (build 17.0.4+11-LTS-179)
# Java VM: Java HotSpot(TM) 64-Bit Server VM (17.0.4+11-LTS-179, mixed mode, sharing, tiered, compressed oops, compressed class ptrs, g1 gc, windows-amd64)
GC Precious Log:
 CPUs: 16 total, 16 available
 Memory: 7922M
 Large Page Support: Disabled
 NUMA Support: Disabled
 Compressed Oops: Enabled (Zero based)
 Heap Region Size: 2M
 Heap Min Capacity: 8M
 Heap Initial Capacity: 124M
 Heap Max Capacity: 4G
 Pre-touch: Disabled
 Parallel Workers: 13
 Concurrent Workers: 3
 Concurrent Refinement Workers: 13
 Periodic GC: Disabled
Heap:
 garbage-first heap   total 217088K, used 116139K [0x0000000700000000, 0x0000000800000000)
  region size 2048K, 8 young (16384K), 3 survivors (6144K)
 Metaspace       used 80962K, committed 81728K, reserved 1122304K
  class space    used 11112K, committed 11456K, reserved 1048576K
GC Heap History (20 events):
Event: 4.190 GC heap before
{Heap before GC invocations=11 (full 0):
 garbage-first heap   total 108544K, used 75255K [0x0000000700000000, 0x0000000800000000)
  region size 2048K, 24 young (49152K), 3 survivors (6144K)
 Metaspace       used 40679K, committed 41152K, reserved 1089536K
  class space    used 5655K, committed 5888K, reserved 1048576K
}
Event: 4.194 GC heap after
{Heap after GC invocations=12 (full 0):
 garbage-first heap   total 108544K, used 36700K [0x0000000700000000, 0x0000000800000000)
  region size 2048K, 2 young (4096K), 2 survivors (4096K)
 Metaspace       used 40679K, committed 41152K, reserved 1089536K
  class space    used 5655K, committed 5888K, reserved 1048576K
}
Event: 4.496 GC heap before
{Heap before GC invocations=12 (full 0):
 garbage-first heap   total 108544K, used 79708K [0x0000000700000000, 0x0000000800000000)
  region size 2048K, 23 young (47104K), 2 survivors (4096K)
 Metaspace       used 43629K, committed 44096K, reserved 1089536K
  class space    used 6129K, committed 6336K, reserved 1048576K
}
Event: 4.501 GC heap after
{Heap after GC invocations=13 (full 0):
 garbage-first heap   total 108544K, used 37881K [0x0000000700000000, 0x0000000800000000)
  region size 2048K, 2 young (4096K), 2 survivors (4096K)
 Metaspace       used 43629K, committed 44096K, reserved 1089536K
  class space    used 6129K, committed 6336K, reserved 1048576K
}
Event: 6.547 GC heap before
{Heap before GC invocations=13 (full 0):
 garbage-first heap   total 108544K, used 82937K [0x0000000700000000, 0x0000000800000000)
  region size 2048K, 24 young (49152K), 2 survivors (4096K)
 Metaspace       used 53537K, committed 54080K, reserved 1097728K
  class space    used 7348K, committed 7616K, reserved 1048576K
}
Event: 6.553 GC heap after
{Heap after GC invocations=14 (full 0):
 garbage-first heap   total 180224K, used 41655K [0x0000000700000000, 0x0000000800000000)
  region size 2048K, 3 young (6144K), 3 survivors (6144K)
 Metaspace       used 53537K, committed 54080K, reserved 1097728K
  class space    used 7348K, committed 7616K, reserved 1048576K
}
Event: 9.622 GC heap before
{Heap before GC invocations=14 (full 0):
 garbage-first heap   total 180224K, used 137911K [0x0000000700000000, 0x0000000800000000)
  region size 2048K, 51 young (104448K), 3 survivors (6144K)
 Metaspace       used 56076K, committed 56704K, reserved 1097728K
  class space    used 7624K, committed 7936K, reserved 1048576K
}
Event: 9.633 GC heap after
{Heap after GC invocations=15 (full 0):
 garbage-first heap   total 180224K, used 48850K [0x0000000700000000, 0x0000000800000000)
  region size 2048K, 7 young (14336K), 7 survivors (14336K)
 Metaspace       used 56076K, committed 56704K, reserved 1097728K
  class space    used 7624K, committed 7936K, reserved 1048576K
}
Event: 10.251 GC heap before
{Heap before GC invocations=15 (full 0):
 garbage-first heap   total 180224K, used 114386K [0x0000000700000000, 0x0000000800000000)
  region size 2048K, 37 young (75776K), 7 survivors (14336K)
 Metaspace       used 59903K, committed 60416K, reserved 1105920K
  class space    used 8231K, committed 8512K, reserved 1048576K
}
Event: 10.263 GC heap after
{Heap after GC invocations=16 (full 0):
 garbage-first heap   total 180224K, used 64960K [0x0000000700000000, 0x0000000800000000)
  region size 2048K, 5 young (10240K), 5 survivors (10240K)
 Metaspace       used 59903K, committed 60416K, reserved 1105920K
  class space    used 8231K, committed 8512K, reserved 1048576K
}
Event: 10.897 GC heap before
{Heap before GC invocations=17 (full 0):
 garbage-first heap   total 180224K, used 140736K [0x0000000700000000, 0x0000000800000000)
  region size 2048K, 41 young (83968K), 5 survivors (10240K)
 Metaspace       used 65523K, committed 66176K, reserved 1114112K
  class space    used 8980K, committed 9280K, reserved 1048576K
}
Event: 10.905 GC heap after
{Heap after GC invocations=18 (full 0):
 garbage-first heap   total 180224K, used 72815K [0x0000000700000000, 0x0000000800000000)
  region size 2048K, 3 young (6144K), 3 survivors (6144K)
 Metaspace       used 65523K, committed 66176K, reserved 1114112K
  class space    used 8980K, committed 9280K, reserved 1048576K
}
Event: 11.501 GC heap before
{Heap before GC invocations=18 (full 0):
 garbage-first heap   total 180224K, used 142447K [0x0000000700000000, 0x0000000800000000)
  region size 2048K, 36 young (73728K), 3 survivors (6144K)
 Metaspace       used 70866K, committed 71552K, reserved 1114112K
  class space    used 9649K, committed 9984K, reserved 1048576K
}
Event: 11.508 GC heap after
{Heap after GC invocations=19 (full 0):
 garbage-first heap   total 180224K, used 82517K [0x0000000700000000, 0x0000000800000000)
  region size 2048K, 3 young (6144K), 3 survivors (6144K)
 Metaspace       used 70866K, committed 71552K, reserved 1114112K
  class space    used 9649K, committed 9984K, reserved 1048576K
}
Event: 12.030 GC heap before
{Heap before GC invocations=19 (full 0):
 garbage-first heap   total 180224K, used 141909K [0x0000000700000000, 0x0000000800000000)
  region size 2048K, 32 young (65536K), 3 survivors (6144K)
 Metaspace       used 75216K, committed 75840K, reserved 1122304K
  class space    used 10306K, committed 10624K, reserved 1048576K
}
Event: 12.037 GC heap after
{Heap after GC invocations=20 (full 0):
 garbage-first heap   total 180224K, used 86716K [0x0000000700000000, 0x0000000800000000)
  region size 2048K, 3 young (6144K), 3 survivors (6144K)
 Metaspace       used 75216K, committed 75840K, reserved 1122304K
  class space    used 10306K, committed 10624K, reserved 1048576K
}
Event: 13.957 GC heap before
{Heap before GC invocations=20 (full 0):
 garbage-first heap   total 180224K, used 133820K [0x0000000700000000, 0x0000000800000000)
  region size 2048K, 28 young (57344K), 3 survivors (6144K)
 Metaspace       used 79295K, committed 80000K, reserved 1122304K
  class space    used 10858K, committed 11200K, reserved 1048576K
}
Event: 13.964 GC heap after
{Heap after GC invocations=21 (full 0):
 garbage-first heap   total 217088K, used 90252K [0x0000000700000000, 0x0000000800000000)
  region size 2048K, 4 young (8192K), 4 survivors (8192K)
 Metaspace       used 79295K, committed 80000K, reserved 1122304K
  class space    used 10858K, committed 11200K, reserved 1048576K
}
Event: 14.648 GC heap before
{Heap before GC invocations=21 (full 0):
 garbage-first heap   total 217088K, used 139404K [0x0000000700000000, 0x0000000800000000)
  region size 2048K, 23 young (47104K), 4 survivors (8192K)
 Metaspace       used 80812K, committed 81600K, reserved 1122304K
  class space    used 11080K, committed 11456K, reserved 1048576K
}
Event: 14.655 GC heap after
{Heap after GC invocations=22 (full 0):
 garbage-first heap   total 217088K, used 103851K [0x0000000700000000, 0x0000000800000000)
  region size 2048K, 3 young (6144K), 3 survivors (6144K)
 Metaspace       used 80812K, committed 81600K, reserved 1122304K
  class space    used 11080K, committed 11456K, reserved 1048576K
}

